This file contains any messages produced by compilers while
running configure, to aid debugging if configure makes a mistake.

It was created by GNU Offloading and Multi Processing Runtime Library configure 1.0, which was
generated by GNU Autoconf 2.69.  Invocation command line was

  $ ../configure --disable-multilib --enable-languages=c --without-headers --target=riscv32-elf --disable-nls

## --------- ##
## Platform. ##
## --------- ##

hostname = cervidorv
uname -m = x86_64
uname -r = 5.4.0-40-generic
uname -s = Linux
uname -v = #44-Ubuntu SMP Tue Jun 23 00:01:04 UTC 2020

/usr/bin/uname -p = x86_64
/bin/uname -X     = unknown

/bin/arch              = x86_64
/usr/bin/arch -k       = unknown
/usr/convex/getsysinfo = unknown
/usr/bin/hostinfo      = unknown
/bin/machine           = unknown
/usr/bin/oslevel       = unknown
/bin/universe          = unknown

PATH: /home/reinaldo/.local/bin
PATH: /usr/local/sbin
PATH: /usr/local/bin
PATH: /usr/sbin
PATH: /usr/bin
PATH: /sbin
PATH: /bin
PATH: /usr/games
PATH: /usr/local/games
PATH: /snap/bin
PATH: /home/reinaldo/workspace/microkernel-benchmarks/utils/toolchain/qemu/bin


## ----------- ##
## Core tests. ##
## ----------- ##

configure:2654: checking for --enable-version-specific-runtime-libs
configure:2669: result: no
configure:2677: checking for --enable-generated-files-in-srcdir
configure:2692: result: no
configure:2755: checking build system type
configure:2769: result: x86_64-pc-linux-gnu
configure:2789: checking host system type
configure:2802: result: x86_64-pc-linux-gnu
configure:2822: checking target system type
configure:2835: result: riscv32-unknown-elf
configure:2892: checking for a BSD-compatible install
configure:2960: result: /usr/bin/install -c
configure:2971: checking whether build environment is sane
configure:3026: result: yes
configure:3175: checking for a thread-safe mkdir -p
configure:3214: result: /usr/bin/mkdir -p
configure:3221: checking for gawk
configure:3237: found /usr/bin/gawk
configure:3248: result: gawk
configure:3259: checking whether make sets $(MAKE)
configure:3281: result: yes
configure:3310: checking whether make supports nested variables
configure:3327: result: yes
configure:3577: checking for gcc
configure:3593: found /usr/bin/gcc
configure:3604: result: gcc
configure:3833: checking for C compiler version
configure:3842: gcc --version >&5
gcc (Ubuntu 9.3.0-10ubuntu2) 9.3.0
Copyright (C) 2019 Free Software Foundation, Inc.
This is free software; see the source for copying conditions.  There is NO
warranty; not even for MERCHANTABILITY or FITNESS FOR A PARTICULAR PURPOSE.

configure:3853: $? = 0
configure:3842: gcc -v >&5
Using built-in specs.
COLLECT_GCC=gcc
COLLECT_LTO_WRAPPER=/usr/lib/gcc/x86_64-linux-gnu/9/lto-wrapper
OFFLOAD_TARGET_NAMES=nvptx-none:hsa
OFFLOAD_TARGET_DEFAULT=1
Target: x86_64-linux-gnu
Configured with: ../src/configure -v --with-pkgversion='Ubuntu 9.3.0-10ubuntu2' --with-bugurl=file:///usr/share/doc/gcc-9/README.Bugs --enable-languages=c,ada,c++,go,brig,d,fortran,objc,obj-c++,gm2 --prefix=/usr --with-gcc-major-version-only --program-suffix=-9 --program-prefix=x86_64-linux-gnu- --enable-shared --enable-linker-build-id --libexecdir=/usr/lib --without-included-gettext --enable-threads=posix --libdir=/usr/lib --enable-nls --enable-clocale=gnu --enable-libstdcxx-debug --enable-libstdcxx-time=yes --with-default-libstdcxx-abi=new --enable-gnu-unique-object --disable-vtable-verify --enable-plugin --enable-default-pie --with-system-zlib --with-target-system-zlib=auto --enable-objc-gc=auto --enable-multiarch --disable-werror --with-arch-32=i686 --with-abi=m64 --with-multilib-list=m32,m64,mx32 --enable-multilib --with-tune=generic --enable-offload-targets=nvptx-none,hsa --without-cuda-driver --enable-checking=release --build=x86_64-linux-gnu --host=x86_64-linux-gnu --target=x86_64-linux-gnu
Thread model: posix
gcc version 9.3.0 (Ubuntu 9.3.0-10ubuntu2) 
configure:3853: $? = 0
configure:3842: gcc -V >&5
gcc: error: unrecognized command line option '-V'
gcc: fatal error: no input files
compilation terminated.
configure:3853: $? = 1
configure:3842: gcc -qversion >&5
gcc: error: unrecognized command line option '-qversion'; did you mean '--version'?
gcc: fatal error: no input files
compilation terminated.
configure:3853: $? = 1
configure:3873: checking whether the C compiler works
configure:3895: gcc    conftest.c  >&5
configure:3899: $? = 0
configure:3947: result: yes
configure:3950: checking for C compiler default output file name
configure:3952: result: a.out
configure:3958: checking for suffix of executables
configure:3965: gcc -o conftest    conftest.c  >&5
configure:3969: $? = 0
configure:3991: result: 
configure:4013: checking whether we are cross compiling
configure:4021: gcc -o conftest    conftest.c  >&5
configure:4025: $? = 0
configure:4032: ./conftest
configure:4036: $? = 0
configure:4024: result: no
configure:4029: checking for suffix of object files
configure:4051: gcc -c   conftest.c >&5
configure:4055: $? = 0
configure:4076: result: o
configure:4080: checking whether we are using the GNU C compiler
configure:4099: gcc -c   conftest.c >&5
configure:4099: $? = 0
configure:4108: result: yes
configure:4117: checking whether gcc accepts -g
configure:4137: gcc -c -g  conftest.c >&5
configure:4137: $? = 0
configure:4178: result: yes
configure:4195: checking for gcc option to accept ISO C89
configure:4258: gcc  -c -g -O2  conftest.c >&5
configure:4258: $? = 0
configure:4271: result: none needed
configure:4296: checking whether gcc understands -c and -o together
configure:4318: gcc -c conftest.c -o conftest2.o
configure:4321: $? = 0
configure:4318: gcc -c conftest.c -o conftest2.o
configure:4321: $? = 0
configure:4333: result: yes
configure:4361: checking for style of include used by make
configure:4389: result: GNU
configure:4415: checking dependency style of gcc
configure:4526: result: gcc3
configure:4599: checking for ar
configure:4615: found /usr/bin/ar
configure:4626: result: ar
configure:4691: checking for ranlib
configure:4707: found /usr/bin/ranlib
configure:4718: result: ranlib
configure:4742: checking for perl
configure:4760: found /usr/bin/perl
configure:4773: result: /usr/bin/perl
configure:4781: checking whether make sets $(MAKE)
configure:4803: result: yes
configure:4819: checking for makeinfo
configure:4846: result: ${SHELL} /home/reinaldo/workspace/microkernel-benchmarks/utils/toolchain/riscv32/gcc-9.1.0/missing makeinfo
configure:4856: checking for modern makeinfo
configure:4871: result: yes
configure:4937: checking how to print strings
configure:4964: result: printf
configure:4985: checking for a sed that does not truncate output
configure:5049: result: /usr/bin/sed
configure:5067: checking for grep that handles long lines and -e
configure:5125: result: /usr/bin/grep
configure:5130: checking for egrep
configure:5192: result: /usr/bin/grep -E
configure:5197: checking for fgrep
configure:5259: result: /usr/bin/grep -F
configure:5294: checking for ld used by gcc
configure:5361: result: /usr/bin/ld
configure:5368: checking if the linker (/usr/bin/ld) is GNU ld
configure:5383: result: yes
configure:5395: checking for BSD- or MS-compatible name lister (nm)
configure:5444: result: /usr/bin/nm -B
configure:5574: checking the name lister (/usr/bin/nm -B) interface
configure:5581: gcc -c -g -O2  conftest.c >&5
configure:5584: /usr/bin/nm -B "conftest.o"
configure:5587: output
0000000000000000 B some_variable
configure:5588: result: BSD nm
configure:5591: checking whether ln -s works
configure:5595: result: yes
configure:5603: checking the maximum length of command line arguments
configure:5728: result: 1572864
configure:5745: checking whether the shell understands some XSI constructs
configure:5754: result: yes
configure:5758: checking whether the shell understands "+="
configure:5762: result: yes
configure:5797: checking for /usr/bin/ld option to reload object files
configure:5804: result: -r
configure:5873: checking for objdump
configure:5889: found /usr/bin/objdump
configure:5900: result: objdump
configure:5932: checking how to recognize dependent libraries
configure:6133: result: pass_all
configure:6193: checking for ar
configure:6220: result: ar
configure:6298: checking for strip
configure:6314: found /usr/bin/strip
configure:6325: result: strip
configure:6397: checking for ranlib
configure:6424: result: ranlib
configure:6526: checking command to parse /usr/bin/nm -B output from gcc object
configure:6644: gcc -c -g -O2  conftest.c >&5
configure:6647: $? = 0
configure:6651: /usr/bin/nm -B conftest.o \| sed -n -e 's/^.*[ ]\([ABCDGIRSTW][ABCDGIRSTW]*\)[ ][ ]*\([_A-Za-z][_A-Za-z0-9]*\)$/\1 \2 \2/p' \> conftest.nm
configure:6654: $? = 0
configure:6708: gcc -o conftest -g -O2   conftest.c conftstm.o >&5
configure:6711: $? = 0
configure:6749: result: ok
configure:6845: gcc -c -g -O2  conftest.c >&5
configure:6848: $? = 0
configure:7601: checking how to run the C preprocessor
configure:7632: gcc -E  conftest.c
configure:7632: $? = 0
configure:7646: gcc -E  conftest.c
conftest.c:11:10: fatal error: ac_nonexistent.h: No such file or directory
   11 | #include <ac_nonexistent.h>
      |          ^~~~~~~~~~~~~~~~~~
compilation terminated.
configure:7646: $? = 1
configure: failed program was:
| /* confdefs.h */
| #define PACKAGE_NAME "GNU Offloading and Multi Processing Runtime Library"
| #define PACKAGE_TARNAME "libgomp"
| #define PACKAGE_VERSION "1.0"
| #define PACKAGE_STRING "GNU Offloading and Multi Processing Runtime Library 1.0"
| #define PACKAGE_BUGREPORT ""
| #define PACKAGE_URL "http://www.gnu.org/software/libgomp/"
| #define PACKAGE "libgomp"
| #define VERSION "1.0"
| /* end confdefs.h.  */
| #include <ac_nonexistent.h>
configure:7671: result: gcc -E
configure:7691: gcc -E  conftest.c
configure:7691: $? = 0
configure:7705: gcc -E  conftest.c
conftest.c:11:10: fatal error: ac_nonexistent.h: No such file or directory
   11 | #include <ac_nonexistent.h>
      |          ^~~~~~~~~~~~~~~~~~
compilation terminated.
configure:7705: $? = 1
configure: failed program was:
| /* confdefs.h */
| #define PACKAGE_NAME "GNU Offloading and Multi Processing Runtime Library"
| #define PACKAGE_TARNAME "libgomp"
| #define PACKAGE_VERSION "1.0"
| #define PACKAGE_STRING "GNU Offloading and Multi Processing Runtime Library 1.0"
| #define PACKAGE_BUGREPORT ""
| #define PACKAGE_URL "http://www.gnu.org/software/libgomp/"
| #define PACKAGE "libgomp"
| #define VERSION "1.0"
| /* end confdefs.h.  */
| #include <ac_nonexistent.h>
configure:7734: checking for ANSI C header files
configure:7754: gcc -c -g -O2  conftest.c >&5
configure:7754: $? = 0
configure:7827: gcc -o conftest -g -O2   conftest.c  >&5
configure:7827: $? = 0
configure:7827: ./conftest
configure:7827: $? = 0
configure:7838: result: yes
configure:7851: checking for sys/types.h
configure:7851: gcc -c -g -O2  conftest.c >&5
configure:7851: $? = 0
configure:7851: result: yes
configure:7851: checking for sys/stat.h
configure:7851: gcc -c -g -O2  conftest.c >&5
configure:7851: $? = 0
configure:7851: result: yes
configure:7851: checking for stdlib.h
configure:7851: gcc -c -g -O2  conftest.c >&5
configure:7851: $? = 0
configure:7851: result: yes
configure:7851: checking for string.h
configure:7851: gcc -c -g -O2  conftest.c >&5
configure:7851: $? = 0
configure:7851: result: yes
configure:7851: checking for memory.h
configure:7851: gcc -c -g -O2  conftest.c >&5
configure:7851: $? = 0
configure:7851: result: yes
configure:7851: checking for strings.h
configure:7851: gcc -c -g -O2  conftest.c >&5
configure:7851: $? = 0
configure:7851: result: yes
configure:7851: checking for inttypes.h
configure:7851: gcc -c -g -O2  conftest.c >&5
configure:7851: $? = 0
configure:7851: result: yes
configure:7851: checking for stdint.h
configure:7851: gcc -c -g -O2  conftest.c >&5
configure:7851: $? = 0
configure:7851: result: yes
configure:7851: checking for unistd.h
configure:7851: gcc -c -g -O2  conftest.c >&5
configure:7851: $? = 0
configure:7851: result: yes
configure:7865: checking for dlfcn.h
configure:7865: gcc -c -g -O2  conftest.c >&5
configure:7865: $? = 0
configure:7865: result: yes
configure:8052: checking for objdir
configure:8067: result: .libs
configure:8338: checking if gcc supports -fno-rtti -fno-exceptions
configure:8356: gcc -c -g -O2  -fno-rtti -fno-exceptions conftest.c >&5
cc1: warning: command line option '-fno-rtti' is valid for C++/D/ObjC++ but not for C
configure:8360: $? = 0
configure:8373: result: no
configure:8393: checking for gcc option to produce PIC
configure:8679: result: -fPIC -DPIC
configure:8691: checking if gcc PIC flag -fPIC -DPIC works
configure:8709: gcc -c -g -O2  -fPIC -DPIC -DPIC conftest.c >&5
configure:8713: $? = 0
configure:8726: result: yes
configure:8750: checking if gcc static flag -static works
configure:8778: result: yes
configure:8793: checking if gcc supports -c -o file.o
configure:8814: gcc -c -g -O2  -o out/conftest2.o conftest.c >&5
configure:8818: $? = 0
configure:8840: result: yes
configure:8848: checking if gcc supports -c -o file.o
configure:8895: result: yes
configure:8928: checking whether the gcc linker (/usr/bin/ld -m elf_x86_64) supports shared libraries
configure:9999: result: yes
configure:10036: checking whether -lc should be explicitly linked in
configure:10044: gcc -c -g -O2  conftest.c >&5
configure:10047: $? = 0
configure:10062: gcc -shared  -fPIC -DPIC conftest.o  -v -Wl,-soname -Wl,conftest -o conftest 2\>\&1 \| /usr/bin/grep  -lc  \>/dev/null 2\>\&1
configure:10065: $? = 0
configure:10079: result: no
configure:10244: checking dynamic linker characteristics
configure:10695: gcc -o conftest -g -O2   -Wl,-rpath -Wl,/foo conftest.c  >&5
configure:10695: $? = 0
configure:10917: result: GNU/Linux ld.so
configure:11024: checking how to hardcode library paths into programs
configure:11049: result: immediate
configure:11589: checking whether stripping libraries is possible
configure:11594: result: yes
configure:11629: checking if libtool supports shared libraries
configure:11631: result: yes
configure:11634: checking whether to build shared libraries
configure:11655: result: yes
configure:11658: checking whether to build static libraries
configure:11662: result: yes
configure:8870: checking whether to enable maintainer-specific portions of Makefiles
configure:8879: result: no
configure:9017: checking for Fortran compiler version
configure:9026: no --version >&5
../configure: line 9028: no: command not found
configure:9037: $? = 127
configure:9026: no -v >&5
../configure: line 9028: no: command not found
configure:9037: $? = 127
configure:9026: no -V >&5
../configure: line 9028: no: command not found
configure:9037: $? = 127
configure:9026: no -qversion >&5
../configure: line 9028: no: command not found
configure:9037: $? = 127
configure:9046: checking whether we are using the GNU Fortran compiler
configure:9059: no -c  -L.  conftest.F >&5
../configure: line 1892: no: command not found
configure:9059: $? = 127
configure: failed program was:
|       program main
| #ifndef __GNUC__
|        choke me
| #endif
| 
|       end
configure:9068: result: no
configure:9074: checking whether no accepts -g
configure:9085: no -c -g  conftest.f >&5
../configure: line 1892: no: command not found
configure:9085: $? = 127
configure: failed program was:
|       program main
| 
|       end
configure:9093: result: no
configure:11820: checking for ANSI C header files
configure:11924: result: yes
configure:11932: checking whether time.h and sys/time.h may both be included
configure:11952: gcc -c -g -O2  conftest.c >&5
configure:11952: $? = 0
configure:11959: result: yes
configure:11967: checking whether string.h and strings.h may both be included
configure:11984: gcc -c -g -O2  conftest.c >&5
configure:11984: $? = 0
configure:11991: result: yes
configure:12002: checking pthread.h usability
configure:12002: gcc -c -g -O2  conftest.c >&5
configure:12002: $? = 0
configure:12002: result: yes
configure:12002: checking pthread.h presence
configure:12002: gcc -E  conftest.c
configure:12002: $? = 0
configure:12002: result: yes
configure:12002: checking for pthread.h
configure:12002: result: yes
configure:12002: checking for unistd.h
configure:12002: result: yes
configure:12002: checking semaphore.h usability
configure:12002: gcc -c -g -O2  conftest.c >&5
configure:12002: $? = 0
configure:12002: result: yes
configure:12002: checking semaphore.h presence
configure:12002: gcc -E  conftest.c
configure:12002: $? = 0
configure:12002: result: yes
configure:12002: checking for semaphore.h
configure:12002: result: yes
configure:12002: checking sys/loadavg.h usability
configure:12002: gcc -c -g -O2  conftest.c >&5
conftest.c:62:10: fatal error: sys/loadavg.h: No such file or directory
   62 | #include <sys/loadavg.h>
      |          ^~~~~~~~~~~~~~~
compilation terminated.
configure:12002: $? = 1
configure: failed program was:
| /* confdefs.h */
| #define PACKAGE_NAME "GNU Offloading and Multi Processing Runtime Library"
| #define PACKAGE_TARNAME "libgomp"
| #define PACKAGE_VERSION "1.0"
| #define PACKAGE_STRING "GNU Offloading and Multi Processing Runtime Library 1.0"
| #define PACKAGE_BUGREPORT ""
| #define PACKAGE_URL "http://www.gnu.org/software/libgomp/"
| #define PACKAGE "libgomp"
| #define VERSION "1.0"
| #define STDC_HEADERS 1
| #define HAVE_SYS_TYPES_H 1
| #define HAVE_SYS_STAT_H 1
| #define HAVE_STDLIB_H 1
| #define HAVE_STRING_H 1
| #define HAVE_MEMORY_H 1
| #define HAVE_STRINGS_H 1
| #define HAVE_INTTYPES_H 1
| #define HAVE_STDINT_H 1
| #define HAVE_UNISTD_H 1
| #define HAVE_DLFCN_H 1
| #define LT_OBJDIR ".libs/"
| #define STDC_HEADERS 1
| #define TIME_WITH_SYS_TIME 1
| #define STRING_WITH_STRINGS 1
| #define HAVE_PTHREAD_H 1
| #define HAVE_UNISTD_H 1
| #define HAVE_SEMAPHORE_H 1
| /* end confdefs.h.  */
| #include <stdio.h>
| #ifdef HAVE_SYS_TYPES_H
| # include <sys/types.h>
| #endif
| #ifdef HAVE_SYS_STAT_H
| # include <sys/stat.h>
| #endif
| #ifdef STDC_HEADERS
| # include <stdlib.h>
| # include <stddef.h>
| #else
| # ifdef HAVE_STDLIB_H
| #  include <stdlib.h>
| # endif
| #endif
| #ifdef HAVE_STRING_H
| # if !defined STDC_HEADERS && defined HAVE_MEMORY_H
| #  include <memory.h>
| # endif
| # include <string.h>
| #endif
| #ifdef HAVE_STRINGS_H
| # include <strings.h>
| #endif
| #ifdef HAVE_INTTYPES_H
| # include <inttypes.h>
| #endif
| #ifdef HAVE_STDINT_H
| # include <stdint.h>
| #endif
| #ifdef HAVE_UNISTD_H
| # include <unistd.h>
| #endif
| #include <sys/loadavg.h>
configure:12002: result: no
configure:12002: checking sys/loadavg.h presence
configure:12002: gcc -E  conftest.c
conftest.c:29:10: fatal error: sys/loadavg.h: No such file or directory
   29 | #include <sys/loadavg.h>
      |          ^~~~~~~~~~~~~~~
compilation terminated.
configure:12002: $? = 1
configure: failed program was:
| /* confdefs.h */
| #define PACKAGE_NAME "GNU Offloading and Multi Processing Runtime Library"
| #define PACKAGE_TARNAME "libgomp"
| #define PACKAGE_VERSION "1.0"
| #define PACKAGE_STRING "GNU Offloading and Multi Processing Runtime Library 1.0"
| #define PACKAGE_BUGREPORT ""
| #define PACKAGE_URL "http://www.gnu.org/software/libgomp/"
| #define PACKAGE "libgomp"
| #define VERSION "1.0"
| #define STDC_HEADERS 1
| #define HAVE_SYS_TYPES_H 1
| #define HAVE_SYS_STAT_H 1
| #define HAVE_STDLIB_H 1
| #define HAVE_STRING_H 1
| #define HAVE_MEMORY_H 1
| #define HAVE_STRINGS_H 1
| #define HAVE_INTTYPES_H 1
| #define HAVE_STDINT_H 1
| #define HAVE_UNISTD_H 1
| #define HAVE_DLFCN_H 1
| #define LT_OBJDIR ".libs/"
| #define STDC_HEADERS 1
| #define TIME_WITH_SYS_TIME 1
| #define STRING_WITH_STRINGS 1
| #define HAVE_PTHREAD_H 1
| #define HAVE_UNISTD_H 1
| #define HAVE_SEMAPHORE_H 1
| /* end confdefs.h.  */
| #include <sys/loadavg.h>
configure:12002: result: no
configure:12002: checking for sys/loadavg.h
configure:12002: result: no
configure:12002: checking sys/sysctl.h usability
configure:12002: gcc -c -g -O2  conftest.c >&5
In file included from conftest.c:62:
/usr/include/x86_64-linux-gnu/sys/sysctl.h:21:2: warning: #warning "The <sys/sysctl.h> header is deprecated and will be removed." [-Wcpp]
   21 | #warning "The <sys/sysctl.h> header is deprecated and will be removed."
      |  ^~~~~~~
configure:12002: $? = 0
configure:12002: result: yes
configure:12002: checking sys/sysctl.h presence
configure:12002: gcc -E  conftest.c
In file included from conftest.c:29:
/usr/include/x86_64-linux-gnu/sys/sysctl.h:21:2: warning: #warning "The <sys/sysctl.h> header is deprecated and will be removed." [-Wcpp]
   21 | #warning "The <sys/sysctl.h> header is deprecated and will be removed."
      |  ^~~~~~~
configure:12002: $? = 0
configure:12002: result: yes
configure:12002: checking for sys/sysctl.h
configure:12002: result: yes
configure:12002: checking sys/time.h usability
configure:12002: gcc -c -g -O2  conftest.c >&5
configure:12002: $? = 0
configure:12002: result: yes
configure:12002: checking sys/time.h presence
configure:12002: gcc -E  conftest.c
configure:12002: $? = 0
configure:12002: result: yes
configure:12002: checking for sys/time.h
configure:12002: result: yes
configure:12026: checking for uintmax_t
configure:12026: gcc -c -g -O2  conftest.c >&5
configure:12026: $? = 0
configure:12026: gcc -c -g -O2  conftest.c >&5
conftest.c: In function 'main':
conftest.c:37:24: error: expected expression before ')' token
   37 | if (sizeof ((uintmax_t)))
      |                        ^
configure:12026: $? = 1
configure: failed program was:
| /* confdefs.h */
| #define PACKAGE_NAME "GNU Offloading and Multi Processing Runtime Library"
| #define PACKAGE_TARNAME "libgomp"
| #define PACKAGE_VERSION "1.0"
| #define PACKAGE_STRING "GNU Offloading and Multi Processing Runtime Library 1.0"
| #define PACKAGE_BUGREPORT ""
| #define PACKAGE_URL "http://www.gnu.org/software/libgomp/"
| #define PACKAGE "libgomp"
| #define VERSION "1.0"
| #define STDC_HEADERS 1
| #define HAVE_SYS_TYPES_H 1
| #define HAVE_SYS_STAT_H 1
| #define HAVE_STDLIB_H 1
| #define HAVE_STRING_H 1
| #define HAVE_MEMORY_H 1
| #define HAVE_STRINGS_H 1
| #define HAVE_INTTYPES_H 1
| #define HAVE_STDINT_H 1
| #define HAVE_UNISTD_H 1
| #define HAVE_DLFCN_H 1
| #define LT_OBJDIR ".libs/"
| #define STDC_HEADERS 1
| #define TIME_WITH_SYS_TIME 1
| #define STRING_WITH_STRINGS 1
| #define HAVE_PTHREAD_H 1
| #define HAVE_UNISTD_H 1
| #define HAVE_SEMAPHORE_H 1
| #define HAVE_SYS_SYSCTL_H 1
| #define HAVE_SYS_TIME_H 1
| /* end confdefs.h.  */
| #include <sys/types.h>
| #include <stdint.h>
| 
| int
| main ()
| {
| if (sizeof ((uintmax_t)))
| 	    return 0;
|   ;
|   return 0;
| }
configure:12026: result: yes
configure:12035: checking for uintptr_t
configure:12035: gcc -c -g -O2  conftest.c >&5
configure:12035: $? = 0
configure:12035: gcc -c -g -O2  conftest.c >&5
conftest.c: In function 'main':
conftest.c:37:24: error: expected expression before ')' token
   37 | if (sizeof ((uintptr_t)))
      |                        ^
configure:12035: $? = 1
configure: failed program was:
| /* confdefs.h */
| #define PACKAGE_NAME "GNU Offloading and Multi Processing Runtime Library"
| #define PACKAGE_TARNAME "libgomp"
| #define PACKAGE_VERSION "1.0"
| #define PACKAGE_STRING "GNU Offloading and Multi Processing Runtime Library 1.0"
| #define PACKAGE_BUGREPORT ""
| #define PACKAGE_URL "http://www.gnu.org/software/libgomp/"
| #define PACKAGE "libgomp"
| #define VERSION "1.0"
| #define STDC_HEADERS 1
| #define HAVE_SYS_TYPES_H 1
| #define HAVE_SYS_STAT_H 1
| #define HAVE_STDLIB_H 1
| #define HAVE_STRING_H 1
| #define HAVE_MEMORY_H 1
| #define HAVE_STRINGS_H 1
| #define HAVE_INTTYPES_H 1
| #define HAVE_STDINT_H 1
| #define HAVE_UNISTD_H 1
| #define HAVE_DLFCN_H 1
| #define LT_OBJDIR ".libs/"
| #define STDC_HEADERS 1
| #define TIME_WITH_SYS_TIME 1
| #define STRING_WITH_STRINGS 1
| #define HAVE_PTHREAD_H 1
| #define HAVE_UNISTD_H 1
| #define HAVE_SEMAPHORE_H 1
| #define HAVE_SYS_SYSCTL_H 1
| #define HAVE_SYS_TIME_H 1
| /* end confdefs.h.  */
| #include <sys/types.h>
| #include <stdint.h>
| 
| int
| main ()
| {
| if (sizeof ((uintptr_t)))
| 	    return 0;
|   ;
|   return 0;
| }
configure:12035: result: yes
configure:12044: checking for int_least32_t
configure:12044: gcc -c -g -O2  conftest.c >&5
configure:12044: $? = 0
configure:12044: gcc -c -g -O2  conftest.c >&5
conftest.c: In function 'main':
conftest.c:37:28: error: expected expression before ')' token
   37 | if (sizeof ((int_least32_t)))
      |                            ^
configure:12044: $? = 1
configure: failed program was:
| /* confdefs.h */
| #define PACKAGE_NAME "GNU Offloading and Multi Processing Runtime Library"
| #define PACKAGE_TARNAME "libgomp"
| #define PACKAGE_VERSION "1.0"
| #define PACKAGE_STRING "GNU Offloading and Multi Processing Runtime Library 1.0"
| #define PACKAGE_BUGREPORT ""
| #define PACKAGE_URL "http://www.gnu.org/software/libgomp/"
| #define PACKAGE "libgomp"
| #define VERSION "1.0"
| #define STDC_HEADERS 1
| #define HAVE_SYS_TYPES_H 1
| #define HAVE_SYS_STAT_H 1
| #define HAVE_STDLIB_H 1
| #define HAVE_STRING_H 1
| #define HAVE_MEMORY_H 1
| #define HAVE_STRINGS_H 1
| #define HAVE_INTTYPES_H 1
| #define HAVE_STDINT_H 1
| #define HAVE_UNISTD_H 1
| #define HAVE_DLFCN_H 1
| #define LT_OBJDIR ".libs/"
| #define STDC_HEADERS 1
| #define TIME_WITH_SYS_TIME 1
| #define STRING_WITH_STRINGS 1
| #define HAVE_PTHREAD_H 1
| #define HAVE_UNISTD_H 1
| #define HAVE_SEMAPHORE_H 1
| #define HAVE_SYS_SYSCTL_H 1
| #define HAVE_SYS_TIME_H 1
| /* end confdefs.h.  */
| #include <sys/types.h>
| #include <stdint.h>
| 
| int
| main ()
| {
| if (sizeof ((int_least32_t)))
| 	    return 0;
|   ;
|   return 0;
| }
configure:12044: result: yes
configure:12053: checking for int_fast32_t
configure:12053: gcc -c -g -O2  conftest.c >&5
configure:12053: $? = 0
configure:12053: gcc -c -g -O2  conftest.c >&5
conftest.c: In function 'main':
conftest.c:37:27: error: expected expression before ')' token
   37 | if (sizeof ((int_fast32_t)))
      |                           ^
configure:12053: $? = 1
configure: failed program was:
| /* confdefs.h */
| #define PACKAGE_NAME "GNU Offloading and Multi Processing Runtime Library"
| #define PACKAGE_TARNAME "libgomp"
| #define PACKAGE_VERSION "1.0"
| #define PACKAGE_STRING "GNU Offloading and Multi Processing Runtime Library 1.0"
| #define PACKAGE_BUGREPORT ""
| #define PACKAGE_URL "http://www.gnu.org/software/libgomp/"
| #define PACKAGE "libgomp"
| #define VERSION "1.0"
| #define STDC_HEADERS 1
| #define HAVE_SYS_TYPES_H 1
| #define HAVE_SYS_STAT_H 1
| #define HAVE_STDLIB_H 1
| #define HAVE_STRING_H 1
| #define HAVE_MEMORY_H 1
| #define HAVE_STRINGS_H 1
| #define HAVE_INTTYPES_H 1
| #define HAVE_STDINT_H 1
| #define HAVE_UNISTD_H 1
| #define HAVE_DLFCN_H 1
| #define LT_OBJDIR ".libs/"
| #define STDC_HEADERS 1
| #define TIME_WITH_SYS_TIME 1
| #define STRING_WITH_STRINGS 1
| #define HAVE_PTHREAD_H 1
| #define HAVE_UNISTD_H 1
| #define HAVE_SEMAPHORE_H 1
| #define HAVE_SYS_SYSCTL_H 1
| #define HAVE_SYS_TIME_H 1
| /* end confdefs.h.  */
| #include <sys/types.h>
| #include <stdint.h>
| 
| int
| main ()
| {
| if (sizeof ((int_fast32_t)))
| 	    return 0;
|   ;
|   return 0;
| }
configure:12053: result: yes
configure:12062: checking for uint64_t
configure:12062: gcc -c -g -O2  conftest.c >&5
configure:12062: $? = 0
configure:12062: gcc -c -g -O2  conftest.c >&5
conftest.c: In function 'main':
conftest.c:37:23: error: expected expression before ')' token
   37 | if (sizeof ((uint64_t)))
      |                       ^
configure:12062: $? = 1
configure: failed program was:
| /* confdefs.h */
| #define PACKAGE_NAME "GNU Offloading and Multi Processing Runtime Library"
| #define PACKAGE_TARNAME "libgomp"
| #define PACKAGE_VERSION "1.0"
| #define PACKAGE_STRING "GNU Offloading and Multi Processing Runtime Library 1.0"
| #define PACKAGE_BUGREPORT ""
| #define PACKAGE_URL "http://www.gnu.org/software/libgomp/"
| #define PACKAGE "libgomp"
| #define VERSION "1.0"
| #define STDC_HEADERS 1
| #define HAVE_SYS_TYPES_H 1
| #define HAVE_SYS_STAT_H 1
| #define HAVE_STDLIB_H 1
| #define HAVE_STRING_H 1
| #define HAVE_MEMORY_H 1
| #define HAVE_STRINGS_H 1
| #define HAVE_INTTYPES_H 1
| #define HAVE_STDINT_H 1
| #define HAVE_UNISTD_H 1
| #define HAVE_DLFCN_H 1
| #define LT_OBJDIR ".libs/"
| #define STDC_HEADERS 1
| #define TIME_WITH_SYS_TIME 1
| #define STRING_WITH_STRINGS 1
| #define HAVE_PTHREAD_H 1
| #define HAVE_UNISTD_H 1
| #define HAVE_SEMAPHORE_H 1
| #define HAVE_SYS_SYSCTL_H 1
| #define HAVE_SYS_TIME_H 1
| /* end confdefs.h.  */
| #include <sys/types.h>
| #include <stdint.h>
| 
| int
| main ()
| {
| if (sizeof ((uint64_t)))
| 	    return 0;
|   ;
|   return 0;
| }
configure:12062: result: yes
configure:12143: checking what to include in gstdint.h
configure:12171: result: stdint.h (already complete)
configure:12442: gcc -o conftest -g -O2 -pthread   conftest.c  >&5
configure:12442: $? = 0
configure:12511: checking for dlsym in -ldl
configure:12536: gcc -o conftest -g -O2 -pthread   conftest.c -ldl   >&5
configure:12536: $? = 0
configure:12545: result: yes
configure:12571: checking for unistd.h
configure:12571: result: yes
configure:12591: checking for secure_getenv
configure:12591: gcc -o conftest -g -O2 -pthread   conftest.c -ldl  >&5
configure:12591: $? = 0
configure:12591: result: yes
configure:12591: checking for __secure_getenv
configure:12591: gcc -o conftest -g -O2 -pthread   conftest.c -ldl  >&5
/usr/bin/ld: /tmp/ccEsSTgJ.o: in function `main':
/home/reinaldo/workspace/microkernel-benchmarks/utils/toolchain/riscv32/gcc-9.1.0/libgomp/build/conftest.c:70: undefined reference to `__secure_getenv'
collect2: error: ld returned 1 exit status
configure:12591: $? = 1
configure: failed program was:
| /* confdefs.h */
| #define PACKAGE_NAME "GNU Offloading and Multi Processing Runtime Library"
| #define PACKAGE_TARNAME "libgomp"
| #define PACKAGE_VERSION "1.0"
| #define PACKAGE_STRING "GNU Offloading and Multi Processing Runtime Library 1.0"
| #define PACKAGE_BUGREPORT ""
| #define PACKAGE_URL "http://www.gnu.org/software/libgomp/"
| #define PACKAGE "libgomp"
| #define VERSION "1.0"
| #define STDC_HEADERS 1
| #define HAVE_SYS_TYPES_H 1
| #define HAVE_SYS_STAT_H 1
| #define HAVE_STDLIB_H 1
| #define HAVE_STRING_H 1
| #define HAVE_MEMORY_H 1
| #define HAVE_STRINGS_H 1
| #define HAVE_INTTYPES_H 1
| #define HAVE_STDINT_H 1
| #define HAVE_UNISTD_H 1
| #define HAVE_DLFCN_H 1
| #define LT_OBJDIR ".libs/"
| #define STDC_HEADERS 1
| #define TIME_WITH_SYS_TIME 1
| #define STRING_WITH_STRINGS 1
| #define HAVE_PTHREAD_H 1
| #define HAVE_UNISTD_H 1
| #define HAVE_SEMAPHORE_H 1
| #define HAVE_SYS_SYSCTL_H 1
| #define HAVE_SYS_TIME_H 1
| #define LIBGOMP_USE_PTHREADS 1
| #define HAVE_LIBDL 1
| #define PLUGIN_SUPPORT 1
| #define HAVE_UNISTD_H 1
| #define HAVE_SECURE_GETENV 1
| /* end confdefs.h.  */
| /* Define __secure_getenv to an innocuous variant, in case <limits.h> declares __secure_getenv.
|    For example, HP-UX 11i <limits.h> declares gettimeofday.  */
| #define __secure_getenv innocuous___secure_getenv
| 
| /* System header to define __stub macros and hopefully few prototypes,
|     which can conflict with char __secure_getenv (); below.
|     Prefer <limits.h> to <assert.h> if __STDC__ is defined, since
|     <limits.h> exists even on freestanding compilers.  */
| 
| #ifdef __STDC__
| # include <limits.h>
| #else
| # include <assert.h>
| #endif
| 
| #undef __secure_getenv
| 
| /* Override any GCC internal prototype to avoid an error.
|    Use char because int might match the return type of a GCC
|    builtin and then its argument prototype would still apply.  */
| #ifdef __cplusplus
| extern "C"
| #endif
| char __secure_getenv ();
| /* The GNU C library defines this for functions which it implements
|     to always fail with ENOSYS.  Some functions are actually named
|     something starting with __ and the normal name is an alias.  */
| #if defined __stub___secure_getenv || defined __stub_____secure_getenv
| choke me
| #endif
| 
| int
| main ()
| {
| return __secure_getenv ();
|   ;
|   return 0;
| }
configure:12591: result: no
configure:12591: checking for getuid
configure:12591: gcc -o conftest -g -O2 -pthread   conftest.c -ldl  >&5
configure:12591: $? = 0
configure:12591: result: yes
configure:12591: checking for geteuid
configure:12591: gcc -o conftest -g -O2 -pthread   conftest.c -ldl  >&5
configure:12591: $? = 0
configure:12591: result: yes
configure:12591: checking for getgid
configure:12591: gcc -o conftest -g -O2 -pthread   conftest.c -ldl  >&5
configure:12591: $? = 0
configure:12591: result: yes
configure:12591: checking for getegid
configure:12591: gcc -o conftest -g -O2 -pthread   conftest.c -ldl  >&5
configure:12591: $? = 0
configure:12591: result: yes
configure:12919: checking for getloadavg
configure:12919: gcc -o conftest -g -O2 -pthread   conftest.c -ldl  >&5
configure:12919: $? = 0
configure:12919: result: yes
configure:12919: checking for clock_gettime
configure:12919: gcc -o conftest -g -O2 -pthread   conftest.c -ldl  >&5
configure:12919: $? = 0
configure:12919: result: yes
configure:12919: checking for strtoull
configure:12919: gcc -o conftest -g -O2 -pthread   conftest.c -ldl  >&5
configure:12919: $? = 0
configure:12919: result: yes
configure:12931: checking for aligned_alloc
configure:12931: gcc -o conftest -g -O2 -pthread   conftest.c -ldl  >&5
conftest.c:71:6: warning: conflicting types for built-in function 'aligned_alloc'; expected 'void *(long unsigned int,  long unsigned int)' [-Wbuiltin-declaration-mismatch]
   71 | char aligned_alloc ();
      |      ^~~~~~~~~~~~~
conftest.c:59:1: note: 'aligned_alloc' is declared in header '<stdlib.h>'
   58 | # include <limits.h>
   59 | #else
configure:12931: $? = 0
configure:12931: result: yes
configure:12931: checking for posix_memalign
configure:12931: gcc -o conftest -g -O2 -pthread   conftest.c -ldl  >&5
conftest.c:72:6: warning: conflicting types for built-in function 'posix_memalign'; expected 'int(void **, long unsigned int,  long unsigned int)' [-Wbuiltin-declaration-mismatch]
   72 | char posix_memalign ();
      |      ^~~~~~~~~~~~~~
configure:12931: $? = 0
configure:12931: result: yes
configure:12931: checking for memalign
configure:12931: gcc -o conftest -g -O2 -pthread   conftest.c -ldl  >&5
configure:12931: $? = 0
configure:12931: result: yes
configure:12931: checking for _aligned_malloc
configure:12931: gcc -o conftest -g -O2 -pthread   conftest.c -ldl  >&5
/usr/bin/ld: /tmp/cc0MrQMj.o: in function `main':
/home/reinaldo/workspace/microkernel-benchmarks/utils/toolchain/riscv32/gcc-9.1.0/libgomp/build/conftest.c:85: undefined reference to `_aligned_malloc'
collect2: error: ld returned 1 exit status
configure:12931: $? = 1
configure: failed program was:
| /* confdefs.h */
| #define PACKAGE_NAME "GNU Offloading and Multi Processing Runtime Library"
| #define PACKAGE_TARNAME "libgomp"
| #define PACKAGE_VERSION "1.0"
| #define PACKAGE_STRING "GNU Offloading and Multi Processing Runtime Library 1.0"
| #define PACKAGE_BUGREPORT ""
| #define PACKAGE_URL "http://www.gnu.org/software/libgomp/"
| #define PACKAGE "libgomp"
| #define VERSION "1.0"
| #define STDC_HEADERS 1
| #define HAVE_SYS_TYPES_H 1
| #define HAVE_SYS_STAT_H 1
| #define HAVE_STDLIB_H 1
| #define HAVE_STRING_H 1
| #define HAVE_MEMORY_H 1
| #define HAVE_STRINGS_H 1
| #define HAVE_INTTYPES_H 1
| #define HAVE_STDINT_H 1
| #define HAVE_UNISTD_H 1
| #define HAVE_DLFCN_H 1
| #define LT_OBJDIR ".libs/"
| #define STDC_HEADERS 1
| #define TIME_WITH_SYS_TIME 1
| #define STRING_WITH_STRINGS 1
| #define HAVE_PTHREAD_H 1
| #define HAVE_UNISTD_H 1
| #define HAVE_SEMAPHORE_H 1
| #define HAVE_SYS_SYSCTL_H 1
| #define HAVE_SYS_TIME_H 1
| #define LIBGOMP_USE_PTHREADS 1
| #define HAVE_LIBDL 1
| #define PLUGIN_SUPPORT 1
| #define HAVE_UNISTD_H 1
| #define HAVE_SECURE_GETENV 1
| #define HAVE_GETUID 1
| #define HAVE_GETEUID 1
| #define HAVE_GETGID 1
| #define HAVE_GETEGID 1
| #define OFFLOAD_PLUGINS ""
| #define PLUGIN_NVPTX 0
| #define PLUGIN_NVPTX_DYNAMIC 0
| #define PLUGIN_HSA 0
| #define HSA_RUNTIME_LIB ""
| #define HAVE_GETLOADAVG 1
| #define HAVE_CLOCK_GETTIME 1
| #define HAVE_STRTOULL 1
| #define HAVE_ALIGNED_ALLOC 1
| #define HAVE_POSIX_MEMALIGN 1
| #define HAVE_MEMALIGN 1
| /* end confdefs.h.  */
| /* Define _aligned_malloc to an innocuous variant, in case <limits.h> declares _aligned_malloc.
|    For example, HP-UX 11i <limits.h> declares gettimeofday.  */
| #define _aligned_malloc innocuous__aligned_malloc
| 
| /* System header to define __stub macros and hopefully few prototypes,
|     which can conflict with char _aligned_malloc (); below.
|     Prefer <limits.h> to <assert.h> if __STDC__ is defined, since
|     <limits.h> exists even on freestanding compilers.  */
| 
| #ifdef __STDC__
| # include <limits.h>
| #else
| # include <assert.h>
| #endif
| 
| #undef _aligned_malloc
| 
| /* Override any GCC internal prototype to avoid an error.
|    Use char because int might match the return type of a GCC
|    builtin and then its argument prototype would still apply.  */
| #ifdef __cplusplus
| extern "C"
| #endif
| char _aligned_malloc ();
| /* The GNU C library defines this for functions which it implements
|     to always fail with ENOSYS.  Some functions are actually named
|     something starting with __ and the normal name is an alias.  */
| #if defined __stub__aligned_malloc || defined __stub____aligned_malloc
| choke me
| #endif
| 
| int
| main ()
| {
| return _aligned_malloc ();
|   ;
|   return 0;
| }
configure:12931: result: no
configure:13099: gcc -o conftest -g -O2 -pthread   conftest.c -ldl  >&5
configure:13099: $? = 0
configure:13172: gcc -c -g -O2 -pthread  conftest.c >&5
conftest.c: In function 'main':
conftest.c:60:16: error: incompatible type for argument 1 of 'uname'
   60 |    if (!uname (buf))
      |                ^~~
      |                |
      |                struct utsname
In file included from conftest.c:54:
/usr/include/x86_64-linux-gnu/sys/utsname.h:81:35: note: expected 'struct utsname *' but argument is of type 'struct utsname'
   81 | extern int uname (struct utsname *__name) __THROW;
      |                   ~~~~~~~~~~~~~~~~^~~~~~
configure:13172: $? = 1
configure: failed program was:
| /* confdefs.h */
| #define PACKAGE_NAME "GNU Offloading and Multi Processing Runtime Library"
| #define PACKAGE_TARNAME "libgomp"
| #define PACKAGE_VERSION "1.0"
| #define PACKAGE_STRING "GNU Offloading and Multi Processing Runtime Library 1.0"
| #define PACKAGE_BUGREPORT ""
| #define PACKAGE_URL "http://www.gnu.org/software/libgomp/"
| #define PACKAGE "libgomp"
| #define VERSION "1.0"
| #define STDC_HEADERS 1
| #define HAVE_SYS_TYPES_H 1
| #define HAVE_SYS_STAT_H 1
| #define HAVE_STDLIB_H 1
| #define HAVE_STRING_H 1
| #define HAVE_MEMORY_H 1
| #define HAVE_STRINGS_H 1
| #define HAVE_INTTYPES_H 1
| #define HAVE_STDINT_H 1
| #define HAVE_UNISTD_H 1
| #define HAVE_DLFCN_H 1
| #define LT_OBJDIR ".libs/"
| #define STDC_HEADERS 1
| #define TIME_WITH_SYS_TIME 1
| #define STRING_WITH_STRINGS 1
| #define HAVE_PTHREAD_H 1
| #define HAVE_UNISTD_H 1
| #define HAVE_SEMAPHORE_H 1
| #define HAVE_SYS_SYSCTL_H 1
| #define HAVE_SYS_TIME_H 1
| #define LIBGOMP_USE_PTHREADS 1
| #define HAVE_LIBDL 1
| #define PLUGIN_SUPPORT 1
| #define HAVE_UNISTD_H 1
| #define HAVE_SECURE_GETENV 1
| #define HAVE_GETUID 1
| #define HAVE_GETEUID 1
| #define HAVE_GETGID 1
| #define HAVE_GETEGID 1
| #define OFFLOAD_PLUGINS ""
| #define PLUGIN_NVPTX 0
| #define PLUGIN_NVPTX_DYNAMIC 0
| #define PLUGIN_HSA 0
| #define HSA_RUNTIME_LIB ""
| #define HAVE_GETLOADAVG 1
| #define HAVE_CLOCK_GETTIME 1
| #define HAVE_STRTOULL 1
| #define HAVE_ALIGNED_ALLOC 1
| #define HAVE_POSIX_MEMALIGN 1
| #define HAVE_MEMALIGN 1
| #define HAVE_PTHREAD_AFFINITY_NP 1
| /* end confdefs.h.  */
| #include <string.h>
|    #include <stdlib.h>
|    #include <sys/utsname.h>
| int
| main ()
| {
| struct utsname buf;
|    volatile size_t len = 0;
|    if (!uname (buf))
|      len = strlen (buf.nodename);
|   ;
|   return 0;
| }
configure:13195: gcc -c -g -O2 -pthread  conftest.c >&5
configure:13195: $? = 0
configure:13214: gcc -c -g -O2 -pthread  conftest.c >&5
configure:13214: $? = 0
configure:13237: checking whether the target supports thread-local storage
configure:13292: gcc -o conftest -g -O2 -pthread   conftest.c -ldl  >&5
configure:13292: $? = 0
configure:13292: ./conftest
configure:13292: $? = 0
configure:13299: gcc -o conftest -g -O2 -pthread  -static  conftest.c -ldl  >&5
configure:13299: $? = 0
configure:13310: gcc -o conftest -g -O2 -pthread  -static  conftest.c -ldl  >&5
configure:13310: $? = 0
configure:13310: ./conftest
configure:13310: $? = 0
configure:13342: gcc -o conftest  -g -O2 -pthread   conftest.c -ldl  >&5
configure:13342: $? = 0
configure:13388: gcc -o conftest  -g -O2 -pthread   conftest.c -ldl  >&5
configure:13388: $? = 0
configure:13388: ./conftest
configure:13388: $? = 0
configure:13408: result: yes
configure:13418: checking whether the thread-local storage support is from emutls
configure:13427: gcc -Werror -S -o conftest.s conftest.c 1>&5
configure:13430: $? = 0
configure:13439: result: no
configure:13449: checking whether the target supports hidden visibility
configure:13468: gcc -c -g -O2 -pthread -Werror  conftest.c >&5
configure:13468: $? = 0
configure:13476: result: yes
configure:13484: checking whether the target supports dllexport
configure:13503: gcc -c -g -O2 -pthread -Werror  conftest.c >&5
conftest.c:56:1: error: 'dllexport' attribute directive ignored [-Werror=attributes]
   56 | void __attribute__((dllexport)) foo(void) { }
      | ^~~~
cc1: all warnings being treated as errors
configure:13503: $? = 1
configure: failed program was:
| /* confdefs.h */
| #define PACKAGE_NAME "GNU Offloading and Multi Processing Runtime Library"
| #define PACKAGE_TARNAME "libgomp"
| #define PACKAGE_VERSION "1.0"
| #define PACKAGE_STRING "GNU Offloading and Multi Processing Runtime Library 1.0"
| #define PACKAGE_BUGREPORT ""
| #define PACKAGE_URL "http://www.gnu.org/software/libgomp/"
| #define PACKAGE "libgomp"
| #define VERSION "1.0"
| #define STDC_HEADERS 1
| #define HAVE_SYS_TYPES_H 1
| #define HAVE_SYS_STAT_H 1
| #define HAVE_STDLIB_H 1
| #define HAVE_STRING_H 1
| #define HAVE_MEMORY_H 1
| #define HAVE_STRINGS_H 1
| #define HAVE_INTTYPES_H 1
| #define HAVE_STDINT_H 1
| #define HAVE_UNISTD_H 1
| #define HAVE_DLFCN_H 1
| #define LT_OBJDIR ".libs/"
| #define STDC_HEADERS 1
| #define TIME_WITH_SYS_TIME 1
| #define STRING_WITH_STRINGS 1
| #define HAVE_PTHREAD_H 1
| #define HAVE_UNISTD_H 1
| #define HAVE_SEMAPHORE_H 1
| #define HAVE_SYS_SYSCTL_H 1
| #define HAVE_SYS_TIME_H 1
| #define LIBGOMP_USE_PTHREADS 1
| #define HAVE_LIBDL 1
| #define PLUGIN_SUPPORT 1
| #define HAVE_UNISTD_H 1
| #define HAVE_SECURE_GETENV 1
| #define HAVE_GETUID 1
| #define HAVE_GETEUID 1
| #define HAVE_GETGID 1
| #define HAVE_GETEGID 1
| #define OFFLOAD_PLUGINS ""
| #define PLUGIN_NVPTX 0
| #define PLUGIN_NVPTX_DYNAMIC 0
| #define PLUGIN_HSA 0
| #define HSA_RUNTIME_LIB ""
| #define HAVE_GETLOADAVG 1
| #define HAVE_CLOCK_GETTIME 1
| #define HAVE_STRTOULL 1
| #define HAVE_ALIGNED_ALLOC 1
| #define HAVE_POSIX_MEMALIGN 1
| #define HAVE_MEMALIGN 1
| #define HAVE_PTHREAD_AFFINITY_NP 1
| #define HAVE_GETHOSTNAME 1
| #define HAVE_GETPID 1
| #define HAVE_TLS 1
| #define HAVE_ATTRIBUTE_VISIBILITY 1
| /* end confdefs.h.  */
| void __attribute__((dllexport)) foo(void) { }
| int
| main ()
| {
| 
|   ;
|   return 0;
| }
configure:13511: result: no
configure:13519: checking whether the target supports symbol aliases
configure:13538: gcc -o conftest -g -O2 -pthread   conftest.c -ldl  >&5
configure:13538: $? = 0
configure:13546: result: yes
configure:13565: checking for ld used by gcc
configure:13632: result: /usr/bin/ld
configure:13639: checking if the linker (/usr/bin/ld) is GNU ld
configure:13654: result: yes
configure:13824: checking for shared libgcc
configure:13839: gcc -o conftest  -lgcc_s   conftest.c -ldl  >&5
configure:13839: $? = 0
configure:13877: result: yes
configure:13932: checking whether the target supports .symver directive
configure:13949: gcc -c -g -O2 -pthread  conftest.c >&5
configure:13949: $? = 0
configure:13956: result: yes
configure:13988: versioning on shared library symbols is gnu
configure:14020: checking whether the target supports __sync_*_compare_and_swap
configure:14037: gcc -o conftest -g -O2 -pthread  -Wall -Werror   conftest.c -ldl  >&5
configure:14037: $? = 0
configure:14045: result: yes
configure:14069: checking for CET support
configure:14133: result: no
configure:14262: gcc -o conftest -g -O2 -pthread -include confdefs.h -include ../config/posix/omp-lock.h   conftest.c -ldl  >&5
configure:14262: $? = 0
configure:14262: ./conftest
configure:14262: $? = 0
configure:14269: gcc -o conftest -g -O2 -pthread -include confdefs.h -include ../config/posix/omp-lock.h   conftest.c -ldl  >&5
configure:14269: $? = 0
configure:14269: ./conftest
configure:14269: $? = 0
configure:14274: gcc -o conftest -g -O2 -pthread -include confdefs.h -include ../config/posix/omp-lock.h   conftest.c -ldl  >&5
configure:14274: $? = 0
configure:14274: ./conftest
configure:14274: $? = 0
configure:14279: gcc -o conftest -g -O2 -pthread -include confdefs.h -include ../config/posix/omp-lock.h   conftest.c -ldl  >&5
configure:14279: $? = 0
configure:14279: ./conftest
configure:14279: $? = 0
configure:14284: gcc -o conftest -g -O2 -pthread -include confdefs.h -include ../config/posix/omp-lock.h   conftest.c -ldl  >&5
configure:14284: $? = 0
configure:14284: ./conftest
configure:14284: $? = 0
configure:14291: gcc -o conftest -g -O2 -pthread -include confdefs.h -include ../config/posix/omp-lock.h   conftest.c -ldl  >&5
configure:14291: $? = 0
configure:14291: ./conftest
configure:14291: $? = 0
configure:14296: gcc -o conftest -g -O2 -pthread -include confdefs.h -include ../config/posix/omp-lock.h   conftest.c -ldl  >&5
configure:14296: $? = 0
configure:14296: ./conftest
configure:14296: $? = 0
configure:14301: gcc -o conftest -g -O2 -pthread -include confdefs.h -include ../config/posix/omp-lock.h   conftest.c -ldl  >&5
configure:14301: $? = 0
configure:14301: ./conftest
configure:14301: $? = 0
configure:14469: checking that generated files are newer than configure
configure:14475: result: done
configure:14530: creating ./config.status

## ---------------------- ##
## Running config.status. ##
## ---------------------- ##

This file was extended by GNU Offloading and Multi Processing Runtime Library config.status 1.0, which was
generated by GNU Autoconf 2.69.  Invocation command line was

  CONFIG_FILES    = 
  CONFIG_HEADERS  = 
  CONFIG_LINKS    = 
  CONFIG_COMMANDS = 
  $ ./config.status 

on cervidorv

config.status:1270: creating omp.h
config.status:1270: creating omp_lib.h
config.status:1270: creating omp_lib.f90
config.status:1270: creating libgomp_f.h
config.status:1270: creating Makefile
config.status:1270: creating testsuite/Makefile
config.status:1270: creating libgomp.spec
config.status:1270: creating testsuite/libgomp-test-support.pt.exp
config.status:1270: creating config.h
config.status:1436: config.h is unchanged
config.status:1484: executing default-1 commands
config.status:1484: executing depfiles commands
config.status:1484: executing libtool commands
config.status:1484: executing gstdint.h commands
configure:17436: WARNING: unrecognized options: --enable-languages, --without-headers, --disable-nls

## ---------------- ##
## Cache variables. ##
## ---------------- ##

ac_cv_build=x86_64-pc-linux-gnu
ac_cv_c_compiler_gnu=yes
ac_cv_env_CPPFLAGS_set=
ac_cv_env_CPPFLAGS_value=
ac_cv_env_CPP_set=
ac_cv_env_CPP_value=
ac_cv_env_FCFLAGS_set=
ac_cv_env_FCFLAGS_value=
ac_cv_env_FC_set=
ac_cv_env_FC_value=
ac_cv_env_LDFLAGS_set=
ac_cv_env_LDFLAGS_value=
ac_cv_env_LIBS_set=
ac_cv_env_LIBS_value=
ac_cv_env_build_alias_set=
ac_cv_env_build_alias_value=
ac_cv_env_host_alias_set=
ac_cv_env_host_alias_value=
ac_cv_env_target_alias_set=set
ac_cv_env_target_alias_value=riscv32-elf
ac_cv_fc_compiler_gnu=no
ac_cv_func___secure_getenv=no
ac_cv_func__aligned_malloc=no
ac_cv_func_aligned_alloc=yes
ac_cv_func_clock_gettime=yes
ac_cv_func_getegid=yes
ac_cv_func_geteuid=yes
ac_cv_func_getgid=yes
ac_cv_func_getloadavg=yes
ac_cv_func_getuid=yes
ac_cv_func_memalign=yes
ac_cv_func_posix_memalign=yes
ac_cv_func_secure_getenv=yes
ac_cv_func_strtoull=yes
ac_cv_header_dlfcn_h=yes
ac_cv_header_inttypes_h=yes
ac_cv_header_memory_h=yes
ac_cv_header_pthread_h=yes
ac_cv_header_semaphore_h=yes
ac_cv_header_stdc=yes
ac_cv_header_stdint_h=yes
ac_cv_header_stdlib_h=yes
ac_cv_header_string_h=yes
ac_cv_header_strings_h=yes
ac_cv_header_sys_loadavg_h=no
ac_cv_header_sys_stat_h=yes
ac_cv_header_sys_sysctl_h=yes
ac_cv_header_sys_time_h=yes
ac_cv_header_sys_types_h=yes
ac_cv_header_time=yes
ac_cv_header_unistd_h=yes
ac_cv_host=x86_64-pc-linux-gnu
ac_cv_lib_dl_dlsym=yes
ac_cv_objext=o
ac_cv_path_EGREP='/usr/bin/grep -E'
ac_cv_path_FGREP='/usr/bin/grep -F'
ac_cv_path_GREP=/usr/bin/grep
ac_cv_path_PERL=/usr/bin/perl
ac_cv_path_SED=/usr/bin/sed
ac_cv_path_install='/usr/bin/install -c'
ac_cv_path_mkdir=/usr/bin/mkdir
ac_cv_prog_AWK=gawk
ac_cv_prog_CPP='gcc -E'
ac_cv_prog_MAKEINFO='${SHELL} /home/reinaldo/workspace/microkernel-benchmarks/utils/toolchain/riscv32/gcc-9.1.0/missing makeinfo'
ac_cv_prog_ac_ct_AR=ar
ac_cv_prog_ac_ct_CC=gcc
ac_cv_prog_ac_ct_OBJDUMP=objdump
ac_cv_prog_ac_ct_RANLIB=ranlib
ac_cv_prog_ac_ct_STRIP=strip
ac_cv_prog_cc_c89=
ac_cv_prog_cc_g=yes
ac_cv_prog_fc_g=no
ac_cv_prog_make_make_set=yes
ac_cv_target=riscv32-unknown-elf
ac_cv_type_int_fast32_t=yes
ac_cv_type_int_least32_t=yes
ac_cv_type_u_int64_t=no
ac_cv_type_uint64_t=yes
ac_cv_type_uintmax_t=yes
ac_cv_type_uintptr_t=yes
acx_cv_header_stdint=stdint.h
acx_cv_header_stdint_kind='(already complete)'
am_cv_CC_dependencies_compiler_type=gcc3
am_cv_make_support_nested_variables=yes
am_cv_prog_cc_c_o=yes
gcc_cv_have_tls=yes
gcc_cv_header_string=yes
gcc_cv_prog_makeinfo_modern=yes
gcc_cv_use_emutls=no
libgomp_cv_have_as_symver_directive=yes
libgomp_cv_have_attribute_alias=yes
libgomp_cv_have_attribute_dllexport=no
libgomp_cv_have_attribute_visibility=yes
libgomp_cv_have_sync_builtins=yes
lt_cv_archive_cmds_need_lc=no
lt_cv_deplibs_check_method=pass_all
lt_cv_file_magic_cmd='$MAGIC_CMD'
lt_cv_file_magic_test_file=
lt_cv_ld_reload_flag=-r
lt_cv_nm_interface='BSD nm'
lt_cv_objdir=.libs
lt_cv_path_LD=/usr/bin/ld
lt_cv_path_NM='/usr/bin/nm -B'
lt_cv_prog_compiler_c_o=yes
lt_cv_prog_compiler_pic_works=yes
lt_cv_prog_compiler_rtti_exceptions=no
lt_cv_prog_compiler_static_works=yes
lt_cv_prog_gnu_ld=yes
lt_cv_shlibpath_overrides_runpath=yes
lt_cv_sys_global_symbol_pipe='sed -n -e '\''s/^.*[	 ]\([ABCDGIRSTW][ABCDGIRSTW]*\)[	 ][	 ]*\([_A-Za-z][_A-Za-z0-9]*\)$/\1 \2 \2/p'\'''
lt_cv_sys_global_symbol_to_c_name_address='sed -n -e '\''s/^: \([^ ]*\) $/  {\"\1\", (void *) 0},/p'\'' -e '\''s/^[ABCDGIRSTW]* \([^ ]*\) \([^ ]*\)$/  {"\2", (void *) \&\2},/p'\'''
lt_cv_sys_global_symbol_to_c_name_address_lib_prefix='sed -n -e '\''s/^: \([^ ]*\) $/  {\"\1\", (void *) 0},/p'\'' -e '\''s/^[ABCDGIRSTW]* \([^ ]*\) \(lib[^ ]*\)$/  {"\2", (void *) \&\2},/p'\'' -e '\''s/^[ABCDGIRSTW]* \([^ ]*\) \([^ ]*\)$/  {"lib\2", (void *) \&\2},/p'\'''
lt_cv_sys_global_symbol_to_cdecl='sed -n -e '\''s/^T .* \(.*\)$/extern int \1();/p'\'' -e '\''s/^[ABCDGIRSTW]* .* \(.*\)$/extern char \1;/p'\'''
lt_cv_sys_max_cmd_len=1572864

## ----------------- ##
## Output variables. ##
## ----------------- ##

ACLOCAL='${SHELL} /home/reinaldo/workspace/microkernel-benchmarks/utils/toolchain/riscv32/gcc-9.1.0/missing aclocal-1.15'
AMDEPBACKSLASH='\'
AMDEP_FALSE='#'
AMDEP_TRUE=''
AMTAR='$${TAR-tar}'
AM_BACKSLASH='\'
AM_DEFAULT_V='$(AM_DEFAULT_VERBOSITY)'
AM_DEFAULT_VERBOSITY='1'
AM_V='$(V)'
AR='ar'
AUTOCONF='${SHELL} /home/reinaldo/workspace/microkernel-benchmarks/utils/toolchain/riscv32/gcc-9.1.0/missing autoconf'
AUTOHEADER='${SHELL} /home/reinaldo/workspace/microkernel-benchmarks/utils/toolchain/riscv32/gcc-9.1.0/missing autoheader'
AUTOMAKE='${SHELL} /home/reinaldo/workspace/microkernel-benchmarks/utils/toolchain/riscv32/gcc-9.1.0/missing automake-1.15'
AWK='gawk'
BUILD_INFO_FALSE='#'
BUILD_INFO_TRUE=''
CC='gcc'
CCDEPMODE='depmode=gcc3'
CFLAGS='-g -O2 -pthread'
CPP='gcc -E'
CPPFLAGS=''
CUDA_DRIVER_INCLUDE=''
CUDA_DRIVER_LIB=''
CYGPATH_W='echo'
DEFS='-DHAVE_CONFIG_H'
DEPDIR='.deps'
DSYMUTIL=''
DUMPBIN=''
ECHO_C=''
ECHO_N='-n'
ECHO_T=''
EGREP='/usr/bin/grep -E'
EXEEXT=''
FC='no'
FCFLAGS=' -L. -Wall -L../libgfortran '
FGREP='/usr/bin/grep -F'
GENINSRC_FALSE=''
GENINSRC_TRUE='#'
GREP='/usr/bin/grep'
HSA_RUNTIME_INCLUDE=''
HSA_RUNTIME_LIB=''
INSTALL_DATA='${INSTALL} -m 644'
INSTALL_PROGRAM='${INSTALL}'
INSTALL_SCRIPT='${INSTALL}'
INSTALL_STRIP_PROGRAM='$(install_sh) -c -s'
LD='/usr/bin/ld'
LDFLAGS=''
LIBGOMP_BUILD_VERSIONED_SHLIB_FALSE='#'
LIBGOMP_BUILD_VERSIONED_SHLIB_GNU_FALSE='#'
LIBGOMP_BUILD_VERSIONED_SHLIB_GNU_TRUE=''
LIBGOMP_BUILD_VERSIONED_SHLIB_SUN_FALSE=''
LIBGOMP_BUILD_VERSIONED_SHLIB_SUN_TRUE='#'
LIBGOMP_BUILD_VERSIONED_SHLIB_TRUE=''
LIBOBJS=''
LIBS='-ldl '
LIBTOOL='$(SHELL) $(top_builddir)/libtool'
LIPO=''
LN_S='ln -s'
LTLIBOBJS=''
MAINT='#'
MAINTAINER_MODE_FALSE=''
MAINTAINER_MODE_TRUE='#'
MAKEINFO='${SHELL} /home/reinaldo/workspace/microkernel-benchmarks/utils/toolchain/riscv32/gcc-9.1.0/missing makeinfo'
MKDIR_P='/usr/bin/mkdir -p'
NM='/usr/bin/nm -B'
NMEDIT=''
OBJDUMP='objdump'
OBJEXT='o'
OMP_LOCK_25_ALIGN='8'
OMP_LOCK_25_KIND='8'
OMP_LOCK_25_SIZE='40'
OMP_LOCK_ALIGN='8'
OMP_LOCK_KIND='8'
OMP_LOCK_SIZE='32'
OMP_NEST_LOCK_25_ALIGN='8'
OMP_NEST_LOCK_25_KIND='8'
OMP_NEST_LOCK_25_SIZE='48'
OMP_NEST_LOCK_ALIGN='8'
OMP_NEST_LOCK_KIND='8'
OMP_NEST_LOCK_SIZE='48'
OPT_LDFLAGS='-Wl,-O1 '
OTOOL64=''
OTOOL=''
PACKAGE='libgomp'
PACKAGE_BUGREPORT=''
PACKAGE_NAME='GNU Offloading and Multi Processing Runtime Library'
PACKAGE_STRING='GNU Offloading and Multi Processing Runtime Library 1.0'
PACKAGE_TARNAME='libgomp'
PACKAGE_URL='http://www.gnu.org/software/libgomp/'
PACKAGE_VERSION='1.0'
PATH_SEPARATOR=':'
PERL='/usr/bin/perl'
PLUGIN_HSA='0'
PLUGIN_HSA_CPPFLAGS=''
PLUGIN_HSA_FALSE=''
PLUGIN_HSA_LDFLAGS=''
PLUGIN_HSA_LIBS=''
PLUGIN_HSA_TRUE='#'
PLUGIN_NVPTX='0'
PLUGIN_NVPTX_CPPFLAGS=''
PLUGIN_NVPTX_FALSE=''
PLUGIN_NVPTX_LDFLAGS=''
PLUGIN_NVPTX_LIBS=''
PLUGIN_NVPTX_TRUE='#'
RANLIB='ranlib'
SECTION_LDFLAGS=''
SED='/usr/bin/sed'
SET_MAKE=''
SHELL='/bin/bash'
STRIP='strip'
USE_FORTRAN_FALSE=''
USE_FORTRAN_TRUE='#'
VERSION='1.0'
XCFLAGS=' -Wall -Werror -Wc,-pthread '
XLDFLAGS=''
ac_ct_CC='gcc'
ac_ct_DUMPBIN=''
ac_ct_FC=''
am__EXEEXT_FALSE=''
am__EXEEXT_TRUE='#'
am__fastdepCC_FALSE='#'
am__fastdepCC_TRUE=''
am__include='include'
am__isrc=' -I$(srcdir)'
am__leading_dot='.'
am__nodep='_no'
am__quote=''
am__tar='$${TAR-tar} chof - "$$tardir"'
am__untar='$${TAR-tar} xf -'
bindir='${exec_prefix}/bin'
build='x86_64-pc-linux-gnu'
build_alias=''
build_cpu='x86_64'
build_os='linux-gnu'
build_vendor='pc'
config_path='posix'
datadir='${datarootdir}'
datarootdir='${prefix}/share'
docdir='${datarootdir}/doc/${PACKAGE_TARNAME}'
dvidir='${docdir}'
enable_shared='yes'
enable_static='yes'
exec_prefix='${prefix}'
get_gcc_base_ver='cat'
host='x86_64-pc-linux-gnu'
host_alias=''
host_cpu='x86_64'
host_os='linux-gnu'
host_vendor='pc'
htmldir='${docdir}'
includedir='${prefix}/include'
infodir='${datarootdir}/info'
install_sh='${SHELL} /home/reinaldo/workspace/microkernel-benchmarks/utils/toolchain/riscv32/gcc-9.1.0/install-sh'
libdir='${exec_prefix}/lib'
libexecdir='${exec_prefix}/libexec'
libtool_VERSION='1:0:0'
link_gomp='-lgomp %{static: -ldl }'
localedir='${datarootdir}/locale'
localstatedir='${prefix}/var'
lt_host_flags=''
mandir='${datarootdir}/man'
mkdir_p='$(MKDIR_P)'
multi_basedir='../..'
offload_additional_lib_paths=''
offload_additional_options=''
offload_plugins=''
offload_targets=''
oldincludedir='/usr/include'
pdfdir='${docdir}'
prefix='/usr/local'
program_transform_name='s&^&riscv32-elf-&'
psdir='${docdir}'
sbindir='${exec_prefix}/sbin'
sharedstatedir='${prefix}/com'
sysconfdir='${prefix}/etc'
target='riscv32-unknown-elf'
target_alias='riscv32-elf'
target_cpu='riscv32'
target_os='elf'
target_vendor='unknown'
toolexecdir='$(libdir)/gcc-lib/$(target_alias)'
toolexeclibdir='$(libdir)/'

## ----------- ##
## confdefs.h. ##
## ----------- ##

/* confdefs.h */
#define PACKAGE_NAME "GNU Offloading and Multi Processing Runtime Library"
#define PACKAGE_TARNAME "libgomp"
#define PACKAGE_VERSION "1.0"
#define PACKAGE_STRING "GNU Offloading and Multi Processing Runtime Library 1.0"
#define PACKAGE_BUGREPORT ""
#define PACKAGE_URL "http://www.gnu.org/software/libgomp/"
#define PACKAGE "libgomp"
#define VERSION "1.0"
#define STDC_HEADERS 1
#define HAVE_SYS_TYPES_H 1
#define HAVE_SYS_STAT_H 1
#define HAVE_STDLIB_H 1
#define HAVE_STRING_H 1
#define HAVE_MEMORY_H 1
#define HAVE_STRINGS_H 1
#define HAVE_INTTYPES_H 1
#define HAVE_STDINT_H 1
#define HAVE_UNISTD_H 1
#define HAVE_DLFCN_H 1
#define LT_OBJDIR ".libs/"
#define STDC_HEADERS 1
#define TIME_WITH_SYS_TIME 1
#define STRING_WITH_STRINGS 1
#define HAVE_PTHREAD_H 1
#define HAVE_UNISTD_H 1
#define HAVE_SEMAPHORE_H 1
#define HAVE_SYS_SYSCTL_H 1
#define HAVE_SYS_TIME_H 1
#define LIBGOMP_USE_PTHREADS 1
#define HAVE_LIBDL 1
#define PLUGIN_SUPPORT 1
#define HAVE_UNISTD_H 1
#define HAVE_SECURE_GETENV 1
#define HAVE_GETUID 1
#define HAVE_GETEUID 1
#define HAVE_GETGID 1
#define HAVE_GETEGID 1
#define OFFLOAD_PLUGINS ""
#define PLUGIN_NVPTX 0
#define PLUGIN_NVPTX_DYNAMIC 0
#define PLUGIN_HSA 0
#define HSA_RUNTIME_LIB ""
#define HAVE_GETLOADAVG 1
#define HAVE_CLOCK_GETTIME 1
#define HAVE_STRTOULL 1
#define HAVE_ALIGNED_ALLOC 1
#define HAVE_POSIX_MEMALIGN 1
#define HAVE_MEMALIGN 1
#define HAVE_PTHREAD_AFFINITY_NP 1
#define HAVE_GETHOSTNAME 1
#define HAVE_GETPID 1
#define HAVE_TLS 1
#define HAVE_ATTRIBUTE_VISIBILITY 1
#define HAVE_ATTRIBUTE_ALIAS 1
#define HAVE_AS_SYMVER_DIRECTIVE 1
#define HAVE_SYMVER_SYMBOL_RENAMING_RUNTIME_SUPPORT 1
#define LIBGOMP_GNU_SYMBOL_VERSIONING 1
#define HAVE_SYNC_BUILTINS 1

configure: exit 0
